10:47:49:963  INFO 14920 --- [main] com.hmall.pay.PayApplication             : Starting PayApplication using Java 11.0.25 on MECHREV16PRO with PID 14920 (D:\BaiduNetdiskDownload\0、2024最新SpringCloud微服务开发与实战\SpringCloud微服务—资料\day02-Docker\资料\hmall\pay-service\target\classes started by hllqkb in D:\BaiduNetdiskDownload\0、2024最新SpringCloud微服务开发与实战\SpringCloud微服务—资料\day02-Docker\资料\hmall)
10:47:49:967 DEBUG 14920 --- [main] com.hmall.pay.PayApplication             : Running with Spring Boot v2.7.12, Spring v5.3.27
10:47:49:968  INFO 14920 --- [main] com.hmall.pay.PayApplication             : The following 1 profile is active: "dev"
10:47:50:520  INFO 14920 --- [main] .s.d.r.c.RepositoryConfigurationDelegate : Multiple Spring Data modules found, entering strict repository configuration mode
10:47:50:523  INFO 14920 --- [main] .s.d.r.c.RepositoryConfigurationDelegate : Bootstrapping Spring Data Redis repositories in DEFAULT mode.
10:47:50:549  INFO 14920 --- [main] .s.d.r.c.RepositoryConfigurationDelegate : Finished Spring Data repository scanning in 9 ms. Found 0 Redis repository interfaces.
10:47:50:707  INFO 14920 --- [main] o.s.cloud.context.scope.GenericScope     : BeanFactory id=965f5da2-74fb-385e-9447-b85c81bc1d28
10:47:50:929  INFO 14920 --- [main] o.s.b.w.embedded.tomcat.TomcatWebServer  : Tomcat initialized with port(s): 8086 (http)
10:47:50:935  INFO 14920 --- [main] o.apache.catalina.core.StandardService   : Starting service [Tomcat]
10:47:50:935  INFO 14920 --- [main] org.apache.catalina.core.StandardEngine  : Starting Servlet engine: [Apache Tomcat/9.0.75]
10:47:51:025  INFO 14920 --- [main] o.a.c.c.C.[Tomcat].[localhost].[/]       : Initializing Spring embedded WebApplicationContext
10:47:51:025  INFO 14920 --- [main] w.s.c.ServletWebServerApplicationContext : Root WebApplicationContext: initialization completed in 1033 ms
10:47:51:132  INFO 14920 --- [main] o.s.c.openfeign.FeignClientFactoryBean   : For 'user-service' URL not provided. Will try picking an instance via load-balancing.
10:47:51:158  INFO 14920 --- [main] o.s.c.openfeign.FeignClientFactoryBean   : For 'trade-service' URL not provided. Will try picking an instance via load-balancing.
10:47:53:187  INFO 14920 --- [main] pertySourcedRequestMappingHandlerMapping : Mapped URL path [/v2/api-docs] onto method [springfox.documentation.swagger2.web.Swagger2ControllerWebMvc#getDocumentation(String, HttpServletRequest)]
10:47:53:957  INFO 14920 --- [main] com.alibaba.nacos.common.remote.client   : [RpcClientFactory] create a new rpc client of e382891e-76dc-4adf-b328-13e2d5cdae2a
10:47:53:979  INFO 14920 --- [main] org.reflections.Reflections              : Reflections took 12 ms to scan 1 urls, producing 3 keys and 6 values 
10:47:53:993  INFO 14920 --- [main] org.reflections.Reflections              : Reflections took 6 ms to scan 1 urls, producing 4 keys and 9 values 
10:47:53:998  INFO 14920 --- [main] org.reflections.Reflections              : Reflections took 4 ms to scan 1 urls, producing 3 keys and 10 values 
10:47:54:000  WARN 14920 --- [main] org.reflections.Reflections              : given scan urls are empty. set urls in the configuration
10:47:54:004  INFO 14920 --- [main] org.reflections.Reflections              : Reflections took 4 ms to scan 1 urls, producing 1 keys and 5 values 
10:47:54:009  INFO 14920 --- [main] org.reflections.Reflections              : Reflections took 4 ms to scan 1 urls, producing 1 keys and 7 values 
10:47:54:014  INFO 14920 --- [main] org.reflections.Reflections              : Reflections took 3 ms to scan 1 urls, producing 2 keys and 8 values 
10:47:54:015  WARN 14920 --- [main] org.reflections.Reflections              : given scan urls are empty. set urls in the configuration
10:47:54:016  INFO 14920 --- [main] com.alibaba.nacos.common.remote.client   : [e382891e-76dc-4adf-b328-13e2d5cdae2a] RpcClient init label, labels = {module=naming, source=sdk}
10:47:54:017  INFO 14920 --- [main] com.alibaba.nacos.common.remote.client   : [e382891e-76dc-4adf-b328-13e2d5cdae2a] RpcClient init, ServerListFactory = com.alibaba.nacos.client.naming.core.ServerListManager
10:47:54:017  INFO 14920 --- [main] com.alibaba.nacos.common.remote.client   : [e382891e-76dc-4adf-b328-13e2d5cdae2a] Registry connection listener to current client:com.alibaba.nacos.client.naming.remote.gprc.redo.NamingGrpcRedoService
10:47:54:018  INFO 14920 --- [main] com.alibaba.nacos.common.remote.client   : [e382891e-76dc-4adf-b328-13e2d5cdae2a] Register server push request handler:com.alibaba.nacos.client.naming.remote.gprc.NamingPushRequestHandler
10:47:54:019  INFO 14920 --- [main] com.alibaba.nacos.common.remote.client   : [e382891e-76dc-4adf-b328-13e2d5cdae2a] Try to connect to server on start up, server: {serverIp = '127.0.0.1', server main port = 8848}
10:47:55:768  INFO 14920 --- [main] com.alibaba.nacos.common.remote.client   : [e382891e-76dc-4adf-b328-13e2d5cdae2a] Success to connect to server [127.0.0.1:8848] on start up, connectionId = 1737427675611_172.20.0.1_46950
10:47:55:768  INFO 14920 --- [com.alibaba.nacos.client.remote.worker] com.alibaba.nacos.common.remote.client   : [e382891e-76dc-4adf-b328-13e2d5cdae2a] Notify connected event to listeners.
10:47:55:769  INFO 14920 --- [main] com.alibaba.nacos.common.remote.client   : [e382891e-76dc-4adf-b328-13e2d5cdae2a] Register server push request handler:com.alibaba.nacos.common.remote.client.RpcClient$ConnectResetRequestHandler
10:47:55:769  INFO 14920 --- [main] com.alibaba.nacos.common.remote.client   : [e382891e-76dc-4adf-b328-13e2d5cdae2a] Register server push request handler:com.alibaba.nacos.common.remote.client.RpcClient$$Lambda$1117/0x00000008007e7040
10:47:55:797  INFO 14920 --- [main] o.s.b.w.embedded.tomcat.TomcatWebServer  : Tomcat started on port(s): 8086 (http) with context path ''
10:47:55:804  INFO 14920 --- [main] c.a.c.n.registry.NacosServiceRegistry    : nacos registry, DEFAULT_GROUP pay-service 198.18.0.1:8086 register finished
10:47:56:296  INFO 14920 --- [nacos-grpc-client-executor-9] com.alibaba.nacos.common.remote.client   : [e382891e-76dc-4adf-b328-13e2d5cdae2a] Receive server push request, request = NotifySubscriberRequest, requestId = 12
10:47:56:297  INFO 14920 --- [nacos-grpc-client-executor-9] com.alibaba.nacos.common.remote.client   : [e382891e-76dc-4adf-b328-13e2d5cdae2a] Ack server push request, request = NotifySubscriberRequest, requestId = 12
10:47:56:299  INFO 14920 --- [main] d.s.w.p.DocumentationPluginsBootstrapper : Documentation plugins bootstrapped
10:47:56:301  INFO 14920 --- [main] d.s.w.p.DocumentationPluginsBootstrapper : Found 1 custom documentation plugin(s)
10:47:56:316  INFO 14920 --- [main] s.d.s.w.s.ApiListingReferenceScanner     : Scanning for api listing references
10:47:56:397  INFO 14920 --- [main] com.hmall.pay.PayApplication             : Started PayApplication in 7.273 seconds (JVM running for 8.041)
10:58:43:425  WARN 14920 --- [Thread-7] c.a.n.common.http.HttpClientBeanHolder   : [HttpClientBeanHolder] Start destroying common HttpClient
10:58:43:425  WARN 14920 --- [Thread-4] c.a.nacos.common.notify.NotifyCenter     : [NotifyCenter] Start destroying Publisher
10:58:43:426  WARN 14920 --- [Thread-4] c.a.nacos.common.notify.NotifyCenter     : [NotifyCenter] Destruction of the end
10:58:43:426  WARN 14920 --- [Thread-7] c.a.n.common.http.HttpClientBeanHolder   : [HttpClientBeanHolder] Destruction of the end
10:58:43:888  INFO 14920 --- [SpringApplicationShutdownHook] c.a.c.n.registry.NacosServiceRegistry    : De-registering from Nacos Server now...
10:58:43:890  INFO 14920 --- [SpringApplicationShutdownHook] c.a.c.n.registry.NacosServiceRegistry    : De-registration finished.
10:58:44:217  INFO 14920 --- [SpringApplicationShutdownHook] com.alibaba.nacos.common.remote.client   : Shutdown rpc client, set status to shutdown
10:58:44:217  INFO 14920 --- [SpringApplicationShutdownHook] com.alibaba.nacos.common.remote.client   : Shutdown client event executor java.util.concurrent.ScheduledThreadPoolExecutor@24b9ff97[Running, pool size = 2, active threads = 2, queued tasks = 0, completed tasks = 0]
10:58:44:217  INFO 14920 --- [SpringApplicationShutdownHook] com.alibaba.nacos.common.remote.client   : Close current connection 1737427675611_172.20.0.1_46950
10:58:44:219  INFO 14920 --- [nacos-grpc-client-executor-142] c.a.n.c.remote.client.grpc.GrpcClient    : [1737427675611_172.20.0.1_46950]Ignore complete event,isRunning:false,isAbandon=false
10:58:44:220  INFO 14920 --- [SpringApplicationShutdownHook] c.a.n.c.remote.client.grpc.GrpcClient    : Shutdown grpc executor java.util.concurrent.ThreadPoolExecutor@32e4a857[Running, pool size = 5, active threads = 0, queued tasks = 0, completed tasks = 143]
11:07:29:068  INFO 7040 --- [main] com.hmall.pay.PayApplication             : Starting PayApplication using Java 11.0.25 on MECHREV16PRO with PID 7040 (D:\BaiduNetdiskDownload\0、2024最新SpringCloud微服务开发与实战\SpringCloud微服务—资料\day02-Docker\资料\hmall\pay-service\target\classes started by hllqkb in D:\BaiduNetdiskDownload\0、2024最新SpringCloud微服务开发与实战\SpringCloud微服务—资料\day02-Docker\资料\hmall)
11:07:29:069 DEBUG 7040 --- [main] com.hmall.pay.PayApplication             : Running with Spring Boot v2.7.12, Spring v5.3.27
11:07:29:069  INFO 7040 --- [main] com.hmall.pay.PayApplication             : The following 1 profile is active: "dev"
11:07:29:743  INFO 7040 --- [main] .s.d.r.c.RepositoryConfigurationDelegate : Multiple Spring Data modules found, entering strict repository configuration mode
11:07:29:746  INFO 7040 --- [main] .s.d.r.c.RepositoryConfigurationDelegate : Bootstrapping Spring Data Redis repositories in DEFAULT mode.
11:07:29:768  INFO 7040 --- [main] .s.d.r.c.RepositoryConfigurationDelegate : Finished Spring Data repository scanning in 9 ms. Found 0 Redis repository interfaces.
11:07:29:978  INFO 7040 --- [main] o.s.cloud.context.scope.GenericScope     : BeanFactory id=965f5da2-74fb-385e-9447-b85c81bc1d28
11:07:30:199  INFO 7040 --- [main] o.s.b.w.embedded.tomcat.TomcatWebServer  : Tomcat initialized with port(s): 8086 (http)
11:07:30:204  INFO 7040 --- [main] o.apache.catalina.core.StandardService   : Starting service [Tomcat]
11:07:30:204  INFO 7040 --- [main] org.apache.catalina.core.StandardEngine  : Starting Servlet engine: [Apache Tomcat/9.0.75]
11:07:30:299  INFO 7040 --- [main] o.a.c.c.C.[Tomcat].[localhost].[/]       : Initializing Spring embedded WebApplicationContext
11:07:30:299  INFO 7040 --- [main] w.s.c.ServletWebServerApplicationContext : Root WebApplicationContext: initialization completed in 1206 ms
11:07:30:401  INFO 7040 --- [main] o.s.c.openfeign.FeignClientFactoryBean   : For 'user-service' URL not provided. Will try picking an instance via load-balancing.
11:07:30:428  INFO 7040 --- [main] o.s.c.openfeign.FeignClientFactoryBean   : For 'trade-service' URL not provided. Will try picking an instance via load-balancing.
11:07:32:746  INFO 7040 --- [main] pertySourcedRequestMappingHandlerMapping : Mapped URL path [/v2/api-docs] onto method [springfox.documentation.swagger2.web.Swagger2ControllerWebMvc#getDocumentation(String, HttpServletRequest)]
11:07:33:668  INFO 7040 --- [main] com.alibaba.nacos.common.remote.client   : [RpcClientFactory] create a new rpc client of cc3e13bb-8c46-4e98-bb25-711d6a965006
11:07:33:694  INFO 7040 --- [main] org.reflections.Reflections              : Reflections took 13 ms to scan 1 urls, producing 3 keys and 6 values 
11:07:33:709  INFO 7040 --- [main] org.reflections.Reflections              : Reflections took 5 ms to scan 1 urls, producing 4 keys and 9 values 
11:07:33:714  INFO 7040 --- [main] org.reflections.Reflections              : Reflections took 4 ms to scan 1 urls, producing 3 keys and 10 values 
11:07:33:716  WARN 7040 --- [main] org.reflections.Reflections              : given scan urls are empty. set urls in the configuration
11:07:33:720  INFO 7040 --- [main] org.reflections.Reflections              : Reflections took 4 ms to scan 1 urls, producing 1 keys and 5 values 
11:07:33:725  INFO 7040 --- [main] org.reflections.Reflections              : Reflections took 4 ms to scan 1 urls, producing 1 keys and 7 values 
11:07:33:731  INFO 7040 --- [main] org.reflections.Reflections              : Reflections took 4 ms to scan 1 urls, producing 2 keys and 8 values 
11:07:33:732  WARN 7040 --- [main] org.reflections.Reflections              : given scan urls are empty. set urls in the configuration
11:07:33:732  INFO 7040 --- [main] com.alibaba.nacos.common.remote.client   : [cc3e13bb-8c46-4e98-bb25-711d6a965006] RpcClient init label, labels = {module=naming, source=sdk}
11:07:33:734  INFO 7040 --- [main] com.alibaba.nacos.common.remote.client   : [cc3e13bb-8c46-4e98-bb25-711d6a965006] RpcClient init, ServerListFactory = com.alibaba.nacos.client.naming.core.ServerListManager
11:07:33:734  INFO 7040 --- [main] com.alibaba.nacos.common.remote.client   : [cc3e13bb-8c46-4e98-bb25-711d6a965006] Registry connection listener to current client:com.alibaba.nacos.client.naming.remote.gprc.redo.NamingGrpcRedoService
11:07:33:734  INFO 7040 --- [main] com.alibaba.nacos.common.remote.client   : [cc3e13bb-8c46-4e98-bb25-711d6a965006] Register server push request handler:com.alibaba.nacos.client.naming.remote.gprc.NamingPushRequestHandler
11:07:33:736  INFO 7040 --- [main] com.alibaba.nacos.common.remote.client   : [cc3e13bb-8c46-4e98-bb25-711d6a965006] Try to connect to server on start up, server: {serverIp = '127.0.0.1', server main port = 8848}
11:07:35:530  INFO 7040 --- [main] com.alibaba.nacos.common.remote.client   : [cc3e13bb-8c46-4e98-bb25-711d6a965006] Success to connect to server [127.0.0.1:8848] on start up, connectionId = 1737428855327_172.20.0.1_46782
11:07:35:531  INFO 7040 --- [com.alibaba.nacos.client.remote.worker] com.alibaba.nacos.common.remote.client   : [cc3e13bb-8c46-4e98-bb25-711d6a965006] Notify connected event to listeners.
11:07:35:531  INFO 7040 --- [main] com.alibaba.nacos.common.remote.client   : [cc3e13bb-8c46-4e98-bb25-711d6a965006] Register server push request handler:com.alibaba.nacos.common.remote.client.RpcClient$ConnectResetRequestHandler
11:07:35:532  INFO 7040 --- [main] com.alibaba.nacos.common.remote.client   : [cc3e13bb-8c46-4e98-bb25-711d6a965006] Register server push request handler:com.alibaba.nacos.common.remote.client.RpcClient$$Lambda$1117/0x00000008007e7040
11:07:35:587  INFO 7040 --- [main] o.s.b.w.embedded.tomcat.TomcatWebServer  : Tomcat started on port(s): 8086 (http) with context path ''
11:07:35:598  INFO 7040 --- [main] c.a.c.n.registry.NacosServiceRegistry    : nacos registry, DEFAULT_GROUP pay-service 198.18.0.1:8086 register finished
11:07:36:091  INFO 7040 --- [nacos-grpc-client-executor-9] com.alibaba.nacos.common.remote.client   : [cc3e13bb-8c46-4e98-bb25-711d6a965006] Receive server push request, request = NotifySubscriberRequest, requestId = 18
11:07:36:093  INFO 7040 --- [nacos-grpc-client-executor-9] com.alibaba.nacos.common.remote.client   : [cc3e13bb-8c46-4e98-bb25-711d6a965006] Ack server push request, request = NotifySubscriberRequest, requestId = 18
11:07:36:310  INFO 7040 --- [main] d.s.w.p.DocumentationPluginsBootstrapper : Documentation plugins bootstrapped
11:07:36:312  INFO 7040 --- [main] d.s.w.p.DocumentationPluginsBootstrapper : Found 1 custom documentation plugin(s)
11:07:36:333  INFO 7040 --- [main] s.d.s.w.s.ApiListingReferenceScanner     : Scanning for api listing references
11:07:36:392  INFO 7040 --- [main] com.hmall.pay.PayApplication             : Started PayApplication in 8.405 seconds (JVM running for 9.335)
11:13:08:341  WARN 7040 --- [Thread-4] c.a.nacos.common.notify.NotifyCenter     : [NotifyCenter] Start destroying Publisher
11:13:08:341  WARN 7040 --- [Thread-7] c.a.n.common.http.HttpClientBeanHolder   : [HttpClientBeanHolder] Start destroying common HttpClient
11:13:08:341  WARN 7040 --- [Thread-4] c.a.nacos.common.notify.NotifyCenter     : [NotifyCenter] Destruction of the end
11:13:08:341  WARN 7040 --- [Thread-7] c.a.n.common.http.HttpClientBeanHolder   : [HttpClientBeanHolder] Destruction of the end
11:13:08:800  INFO 7040 --- [SpringApplicationShutdownHook] c.a.c.n.registry.NacosServiceRegistry    : De-registering from Nacos Server now...
11:13:08:803  INFO 7040 --- [SpringApplicationShutdownHook] c.a.c.n.registry.NacosServiceRegistry    : De-registration finished.
11:13:09:122  INFO 7040 --- [SpringApplicationShutdownHook] com.alibaba.nacos.common.remote.client   : Shutdown rpc client, set status to shutdown
11:13:09:122  INFO 7040 --- [SpringApplicationShutdownHook] com.alibaba.nacos.common.remote.client   : Shutdown client event executor java.util.concurrent.ScheduledThreadPoolExecutor@4e0ad2a5[Running, pool size = 2, active threads = 2, queued tasks = 0, completed tasks = 0]
11:13:09:123  INFO 7040 --- [SpringApplicationShutdownHook] com.alibaba.nacos.common.remote.client   : Close current connection 1737428855327_172.20.0.1_46782
11:13:09:124  INFO 7040 --- [nacos-grpc-client-executor-80] c.a.n.c.remote.client.grpc.GrpcClient    : [1737428855327_172.20.0.1_46782]Ignore complete event,isRunning:false,isAbandon=false
11:13:09:125  INFO 7040 --- [SpringApplicationShutdownHook] c.a.n.c.remote.client.grpc.GrpcClient    : Shutdown grpc executor java.util.concurrent.ThreadPoolExecutor@2fc38c0c[Running, pool size = 5, active threads = 0, queued tasks = 0, completed tasks = 81]
