10:35:20:564  INFO 28108 --- [main] com.alibaba.nacos.common.remote.client   : [RpcClientFactory] create a new rpc client of 2bed431f-f7e3-4140-8afa-12f5d22f1186_config-0
10:35:20:587  INFO 28108 --- [main] org.reflections.Reflections              : Reflections took 14 ms to scan 1 urls, producing 3 keys and 6 values 
10:35:20:600  INFO 28108 --- [main] org.reflections.Reflections              : Reflections took 6 ms to scan 1 urls, producing 4 keys and 9 values 
10:35:20:605  INFO 28108 --- [main] org.reflections.Reflections              : Reflections took 4 ms to scan 1 urls, producing 3 keys and 10 values 
10:35:20:606  WARN 28108 --- [main] org.reflections.Reflections              : given scan urls are empty. set urls in the configuration
10:35:20:611  INFO 28108 --- [main] org.reflections.Reflections              : Reflections took 5 ms to scan 1 urls, producing 1 keys and 5 values 
10:35:20:616  INFO 28108 --- [main] org.reflections.Reflections              : Reflections took 4 ms to scan 1 urls, producing 1 keys and 7 values 
10:35:20:622  INFO 28108 --- [main] org.reflections.Reflections              : Reflections took 4 ms to scan 1 urls, producing 2 keys and 8 values 
10:35:20:623  WARN 28108 --- [main] org.reflections.Reflections              : given scan urls are empty. set urls in the configuration
10:35:20:623  INFO 28108 --- [main] com.alibaba.nacos.common.remote.client   : [2bed431f-f7e3-4140-8afa-12f5d22f1186_config-0] RpcClient init label, labels = {module=config, Vipserver-Tag=null, source=sdk, Amory-Tag=null, Location-Tag=null, taskId=0, AppName=unknown}
10:35:20:624  INFO 28108 --- [main] com.alibaba.nacos.common.remote.client   : [2bed431f-f7e3-4140-8afa-12f5d22f1186_config-0] Register server push request handler:com.alibaba.nacos.client.config.impl.ClientWorker$ConfigRpcTransportClient$$Lambda$458/0x00000008003ed040
10:35:20:624  INFO 28108 --- [main] com.alibaba.nacos.common.remote.client   : [2bed431f-f7e3-4140-8afa-12f5d22f1186_config-0] Register server push request handler:com.alibaba.nacos.client.config.impl.ClientWorker$ConfigRpcTransportClient$$Lambda$459/0x00000008003ed440
10:35:20:624  INFO 28108 --- [main] com.alibaba.nacos.common.remote.client   : [2bed431f-f7e3-4140-8afa-12f5d22f1186_config-0] Registry connection listener to current client:com.alibaba.nacos.client.config.impl.ClientWorker$ConfigRpcTransportClient$1
10:35:20:625  INFO 28108 --- [main] com.alibaba.nacos.common.remote.client   : [2bed431f-f7e3-4140-8afa-12f5d22f1186_config-0] RpcClient init, ServerListFactory = com.alibaba.nacos.client.config.impl.ClientWorker$ConfigRpcTransportClient$2
10:35:20:628  INFO 28108 --- [main] com.alibaba.nacos.common.remote.client   : [2bed431f-f7e3-4140-8afa-12f5d22f1186_config-0] Try to connect to server on start up, server: {serverIp = '127.0.0.1', server main port = 8848}
10:35:22:274  INFO 28108 --- [main] com.alibaba.nacos.common.remote.client   : [2bed431f-f7e3-4140-8afa-12f5d22f1186_config-0] Success to connect to server [127.0.0.1:8848] on start up, connectionId = 1737686122130_172.20.0.1_40118
10:35:22:274  INFO 28108 --- [main] com.alibaba.nacos.common.remote.client   : [2bed431f-f7e3-4140-8afa-12f5d22f1186_config-0] Register server push request handler:com.alibaba.nacos.common.remote.client.RpcClient$ConnectResetRequestHandler
10:35:22:274  INFO 28108 --- [com.alibaba.nacos.client.remote.worker] com.alibaba.nacos.common.remote.client   : [2bed431f-f7e3-4140-8afa-12f5d22f1186_config-0] Notify connected event to listeners.
10:35:22:275  INFO 28108 --- [main] com.alibaba.nacos.common.remote.client   : [2bed431f-f7e3-4140-8afa-12f5d22f1186_config-0] Register server push request handler:com.alibaba.nacos.common.remote.client.RpcClient$$Lambda$473/0x000000080045fc40
10:35:22:299  WARN 28108 --- [main] c.a.c.n.c.NacosPropertySourceBuilder     : Ignore the empty nacos configuration and get it based on dataId[trade-service] & group[DEFAULT_GROUP]
10:35:22:302  WARN 28108 --- [main] c.a.c.n.c.NacosPropertySourceBuilder     : Ignore the empty nacos configuration and get it based on dataId[trade-service.properties] & group[DEFAULT_GROUP]
10:35:22:304  WARN 28108 --- [main] c.a.c.n.c.NacosPropertySourceBuilder     : Ignore the empty nacos configuration and get it based on dataId[trade-service-dev.properties] & group[DEFAULT_GROUP]
10:35:22:305  INFO 28108 --- [main] b.c.PropertySourceBootstrapConfiguration : Located property source: [BootstrapPropertySource {name='bootstrapProperties-trade-service-dev.properties,DEFAULT_GROUP'}, BootstrapPropertySource {name='bootstrapProperties-trade-service.properties,DEFAULT_GROUP'}, BootstrapPropertySource {name='bootstrapProperties-trade-service,DEFAULT_GROUP'}]
10:35:22:314  INFO 28108 --- [main] com.hmall.trade.TradeApplication         : The following 1 profile is active: "dev"
10:35:22:761  INFO 28108 --- [main] .s.d.r.c.RepositoryConfigurationDelegate : Multiple Spring Data modules found, entering strict repository configuration mode
10:35:22:763  INFO 28108 --- [main] .s.d.r.c.RepositoryConfigurationDelegate : Bootstrapping Spring Data Redis repositories in DEFAULT mode.
10:35:22:777  INFO 28108 --- [main] .s.d.r.c.RepositoryConfigurationDelegate : Finished Spring Data repository scanning in 6 ms. Found 0 Redis repository interfaces.
10:35:22:899  INFO 28108 --- [main] o.s.cloud.context.scope.GenericScope     : BeanFactory id=8d0fda9f-1f63-3214-aa7f-b422e893fa10
10:35:23:097  INFO 28108 --- [main] o.s.b.w.embedded.tomcat.TomcatWebServer  : Tomcat initialized with port(s): 8085 (http)
10:35:23:103  INFO 28108 --- [main] o.apache.catalina.core.StandardService   : Starting service [Tomcat]
10:35:23:103  INFO 28108 --- [main] org.apache.catalina.core.StandardEngine  : Starting Servlet engine: [Apache Tomcat/9.0.75]
10:35:23:191  INFO 28108 --- [main] o.a.c.c.C.[Tomcat].[localhost].[/]       : Initializing Spring embedded WebApplicationContext
10:35:23:191  INFO 28108 --- [main] w.s.c.ServletWebServerApplicationContext : Root WebApplicationContext: initialization completed in 868 ms
10:35:23:294  INFO 28108 --- [main] o.s.c.openfeign.FeignClientFactoryBean   : For 'item-service' URL not provided. Will try picking an instance via load-balancing.
10:35:24:726  INFO 28108 --- [main] o.s.c.openfeign.FeignClientFactoryBean   : For 'cart-service' URL not provided. Will try picking an instance via load-balancing.
10:35:25:482  INFO 28108 --- [main] pertySourcedRequestMappingHandlerMapping : Mapped URL path [/v2/api-docs] onto method [springfox.documentation.swagger2.web.Swagger2ControllerWebMvc#getDocumentation(String, HttpServletRequest)]
10:35:26:233  INFO 28108 --- [main] com.alibaba.nacos.common.remote.client   : [RpcClientFactory] create a new rpc client of c26afbb5-2488-40e5-a199-b83307f43258
10:35:26:233  INFO 28108 --- [main] com.alibaba.nacos.common.remote.client   : [c26afbb5-2488-40e5-a199-b83307f43258] RpcClient init label, labels = {module=naming, source=sdk}
10:35:26:234  INFO 28108 --- [main] com.alibaba.nacos.common.remote.client   : [c26afbb5-2488-40e5-a199-b83307f43258] RpcClient init, ServerListFactory = com.alibaba.nacos.client.naming.core.ServerListManager
10:35:26:234  INFO 28108 --- [main] com.alibaba.nacos.common.remote.client   : [c26afbb5-2488-40e5-a199-b83307f43258] Registry connection listener to current client:com.alibaba.nacos.client.naming.remote.gprc.redo.NamingGrpcRedoService
10:35:26:234  INFO 28108 --- [main] com.alibaba.nacos.common.remote.client   : [c26afbb5-2488-40e5-a199-b83307f43258] Register server push request handler:com.alibaba.nacos.client.naming.remote.gprc.NamingPushRequestHandler
10:35:26:234  INFO 28108 --- [main] com.alibaba.nacos.common.remote.client   : [c26afbb5-2488-40e5-a199-b83307f43258] Try to connect to server on start up, server: {serverIp = '127.0.0.1', server main port = 8848}
10:35:26:352  INFO 28108 --- [main] com.alibaba.nacos.common.remote.client   : [c26afbb5-2488-40e5-a199-b83307f43258] Success to connect to server [127.0.0.1:8848] on start up, connectionId = 1737686126239_172.20.0.1_36610
10:35:26:352  INFO 28108 --- [main] com.alibaba.nacos.common.remote.client   : [c26afbb5-2488-40e5-a199-b83307f43258] Register server push request handler:com.alibaba.nacos.common.remote.client.RpcClient$ConnectResetRequestHandler
10:35:26:352  INFO 28108 --- [main] com.alibaba.nacos.common.remote.client   : [c26afbb5-2488-40e5-a199-b83307f43258] Register server push request handler:com.alibaba.nacos.common.remote.client.RpcClient$$Lambda$473/0x000000080045fc40
10:35:26:352  INFO 28108 --- [com.alibaba.nacos.client.remote.worker] com.alibaba.nacos.common.remote.client   : [c26afbb5-2488-40e5-a199-b83307f43258] Notify connected event to listeners.
10:35:26:375  INFO 28108 --- [main] o.s.b.w.embedded.tomcat.TomcatWebServer  : Tomcat started on port(s): 8085 (http) with context path ''
10:35:26:381  INFO 28108 --- [main] c.a.c.n.registry.NacosServiceRegistry    : nacos registry, DEFAULT_GROUP trade-service 198.18.0.1:8085 register finished
10:35:26:862  INFO 28108 --- [main] d.s.w.p.DocumentationPluginsBootstrapper : Documentation plugins bootstrapped
10:35:26:863  INFO 28108 --- [main] d.s.w.p.DocumentationPluginsBootstrapper : Found 1 custom documentation plugin(s)
10:35:26:875  INFO 28108 --- [main] s.d.s.w.s.ApiListingReferenceScanner     : Scanning for api listing references
10:35:26:917  INFO 28108 --- [main] com.hmall.trade.TradeApplication         : Started TradeApplication in 8.072 seconds (JVM running for 8.927)
10:35:26:920  INFO 28108 --- [main] c.a.c.n.refresh.NacosContextRefresher    : [Nacos Config] Listening config: dataId=trade-service.properties, group=DEFAULT_GROUP
10:35:26:920  INFO 28108 --- [main] c.a.c.n.refresh.NacosContextRefresher    : [Nacos Config] Listening config: dataId=trade-service, group=DEFAULT_GROUP
10:35:26:920  INFO 28108 --- [main] c.a.c.n.refresh.NacosContextRefresher    : [Nacos Config] Listening config: dataId=trade-service-dev.properties, group=DEFAULT_GROUP
10:35:26:945  INFO 28108 --- [nacos-grpc-client-executor-6] com.alibaba.nacos.common.remote.client   : [c26afbb5-2488-40e5-a199-b83307f43258] Receive server push request, request = NotifySubscriberRequest, requestId = 12
10:35:26:947  INFO 28108 --- [nacos-grpc-client-executor-6] com.alibaba.nacos.common.remote.client   : [c26afbb5-2488-40e5-a199-b83307f43258] Ack server push request, request = NotifySubscriberRequest, requestId = 12
18:19:26:309  WARN 28108 --- [Thread-1] c.a.n.common.http.HttpClientBeanHolder   : [HttpClientBeanHolder] Start destroying common HttpClient
18:19:26:309  WARN 28108 --- [Thread-5] c.a.nacos.common.notify.NotifyCenter     : [NotifyCenter] Start destroying Publisher
18:19:26:312  WARN 28108 --- [Thread-5] c.a.nacos.common.notify.NotifyCenter     : [NotifyCenter] Destruction of the end
18:19:26:313  WARN 28108 --- [Thread-1] c.a.n.common.http.HttpClientBeanHolder   : [HttpClientBeanHolder] Destruction of the end
18:19:26:782  INFO 28108 --- [SpringApplicationShutdownHook] c.a.c.n.registry.NacosServiceRegistry    : De-registering from Nacos Server now...
18:19:26:784  INFO 28108 --- [SpringApplicationShutdownHook] c.a.c.n.registry.NacosServiceRegistry    : De-registration finished.
18:19:27:119  INFO 28108 --- [SpringApplicationShutdownHook] com.alibaba.nacos.common.remote.client   : Shutdown rpc client, set status to shutdown
18:19:27:119  INFO 28108 --- [SpringApplicationShutdownHook] com.alibaba.nacos.common.remote.client   : Shutdown client event executor java.util.concurrent.ScheduledThreadPoolExecutor@6db8d9b0[Running, pool size = 2, active threads = 2, queued tasks = 0, completed tasks = 0]
18:19:27:119  INFO 28108 --- [SpringApplicationShutdownHook] com.alibaba.nacos.common.remote.client   : Close current connection 1737686126239_172.20.0.1_36610
18:19:27:121  INFO 28108 --- [nacos-grpc-client-executor-5572] c.a.n.c.remote.client.grpc.GrpcClient    : [1737686126239_172.20.0.1_36610]Ignore complete event,isRunning:false,isAbandon=false
18:19:27:123  INFO 28108 --- [SpringApplicationShutdownHook] c.a.n.c.remote.client.grpc.GrpcClient    : Shutdown grpc executor java.util.concurrent.ThreadPoolExecutor@19feca26[Running, pool size = 5, active threads = 0, queued tasks = 0, completed tasks = 5573]
