11:53:22:991  INFO 17692 --- [main] com.hmall.item.ItemApplication           : Starting ItemApplication using Java 11.0.25 on MECHREV16PRO with PID 17692 (D:\BaiduNetdiskDownload\0、2024最新SpringCloud微服务开发与实战\SpringCloud微服务—资料\day02-Docker\资料\hmall\item-service\target\classes started by hllqkb in D:\BaiduNetdiskDownload\0、2024最新SpringCloud微服务开发与实战\SpringCloud微服务—资料\day02-Docker\资料\hmall)
11:53:22:993 DEBUG 17692 --- [main] com.hmall.item.ItemApplication           : Running with Spring Boot v2.7.12, Spring v5.3.27
11:53:22:993  INFO 17692 --- [main] com.hmall.item.ItemApplication           : The following 1 profile is active: "dev"
11:53:23:465  INFO 17692 --- [main] .s.d.r.c.RepositoryConfigurationDelegate : Multiple Spring Data modules found, entering strict repository configuration mode
11:53:23:467  INFO 17692 --- [main] .s.d.r.c.RepositoryConfigurationDelegate : Bootstrapping Spring Data Redis repositories in DEFAULT mode.
11:53:23:481  INFO 17692 --- [main] .s.d.r.c.RepositoryConfigurationDelegate : Finished Spring Data repository scanning in 6 ms. Found 0 Redis repository interfaces.
11:53:23:778  INFO 17692 --- [main] o.s.b.w.embedded.tomcat.TomcatWebServer  : Tomcat initialized with port(s): 8081 (http)
11:53:23:783  INFO 17692 --- [main] o.apache.catalina.core.StandardService   : Starting service [Tomcat]
11:53:23:783  INFO 17692 --- [main] org.apache.catalina.core.StandardEngine  : Starting Servlet engine: [Apache Tomcat/9.0.75]
11:53:23:854  INFO 17692 --- [main] o.a.c.c.C.[Tomcat].[localhost].[/]       : Initializing Spring embedded WebApplicationContext
11:53:23:854  INFO 17692 --- [main] w.s.c.ServletWebServerApplicationContext : Root WebApplicationContext: initialization completed in 830 ms
11:53:25:037  INFO 17692 --- [main] pertySourcedRequestMappingHandlerMapping : Mapped URL path [/v2/api-docs] onto method [springfox.documentation.swagger2.web.Swagger2ControllerWebMvc#getDocumentation(String, HttpServletRequest)]
11:53:25:263  INFO 17692 --- [main] o.s.b.w.embedded.tomcat.TomcatWebServer  : Tomcat started on port(s): 8081 (http) with context path ''
11:53:25:263  INFO 17692 --- [main] d.s.w.p.DocumentationPluginsBootstrapper : Documentation plugins bootstrapped
11:53:25:265  INFO 17692 --- [main] d.s.w.p.DocumentationPluginsBootstrapper : Found 1 custom documentation plugin(s)
11:53:25:284  INFO 17692 --- [main] s.d.s.w.s.ApiListingReferenceScanner     : Scanning for api listing references
11:53:25:375  INFO 17692 --- [main] com.hmall.item.ItemApplication           : Started ItemApplication in 2.783 seconds (JVM running for 3.614)
11:53:34:098  INFO 17692 --- [http-nio-8081-exec-1] o.a.c.c.C.[Tomcat].[localhost].[/]       : Initializing Spring DispatcherServlet 'dispatcherServlet'
11:53:34:098  INFO 17692 --- [http-nio-8081-exec-1] o.s.web.servlet.DispatcherServlet        : Initializing Servlet 'dispatcherServlet'
11:53:34:099  INFO 17692 --- [http-nio-8081-exec-1] o.s.web.servlet.DispatcherServlet        : Completed initialization in 1 ms
11:53:48:529  INFO 17692 --- [http-nio-8081-exec-7] com.zaxxer.hikari.HikariDataSource       : HikariPool-1 - Starting...
11:53:48:804  INFO 17692 --- [http-nio-8081-exec-7] com.zaxxer.hikari.HikariDataSource       : HikariPool-1 - Start completed.
11:53:48:811 DEBUG 17692 --- [http-nio-8081-exec-7] c.h.i.mapper.ItemMapper.selectBatchIds   : ==>  Preparing: SELECT id,name,price,stock,image,category,brand,spec,sold,comment_count,isAD,status,create_time,update_time,creater,updater FROM item WHERE id IN ( ? )
11:53:48:832 DEBUG 17692 --- [http-nio-8081-exec-7] c.h.i.mapper.ItemMapper.selectBatchIds   : ==> Parameters: 2(Long)
11:53:48:880 DEBUG 17692 --- [http-nio-8081-exec-7] c.h.i.mapper.ItemMapper.selectBatchIds   : <==      Total: 0
11:53:55:933 DEBUG 17692 --- [http-nio-8081-exec-8] c.h.i.m.ItemMapper.selectPage_mpCount    : ==>  Preparing: SELECT COUNT(*) FROM item
11:53:55:934 DEBUG 17692 --- [http-nio-8081-exec-8] c.h.i.m.ItemMapper.selectPage_mpCount    : ==> Parameters: 
11:53:56:155 DEBUG 17692 --- [http-nio-8081-exec-8] c.h.i.m.ItemMapper.selectPage_mpCount    : <==      Total: 1
11:53:56:161 DEBUG 17692 --- [http-nio-8081-exec-8] c.h.item.mapper.ItemMapper.selectPage    : ==>  Preparing: SELECT id, name, price, stock, image, category, brand, spec, sold, comment_count, isAD, status, create_time, update_time, creater, updater FROM item ORDER BY update_time DESC LIMIT ?
11:53:56:161 DEBUG 17692 --- [http-nio-8081-exec-8] c.h.item.mapper.ItemMapper.selectPage    : ==> Parameters: 4(Long)
11:53:56:167 DEBUG 17692 --- [http-nio-8081-exec-8] c.h.item.mapper.ItemMapper.selectPage    : <==      Total: 4
11:54:11:520  INFO 17692 --- [SpringApplicationShutdownHook] com.zaxxer.hikari.HikariDataSource       : HikariPool-1 - Shutdown initiated...
11:54:11:532  INFO 17692 --- [SpringApplicationShutdownHook] com.zaxxer.hikari.HikariDataSource       : HikariPool-1 - Shutdown completed.
