20:38:52:540  INFO 12164 --- [main] com.hmall.user.UserApplication           : Starting UserApplication using Java 11.0.25 on MECHREV16PRO with PID 12164 (D:\BaiduNetdiskDownload\0、2024最新SpringCloud微服务开发与实战\SpringCloud微服务—资料\day02-Docker\资料\hmall\user-service\target\classes started by hllqkb in D:\BaiduNetdiskDownload\0、2024最新SpringCloud微服务开发与实战\SpringCloud微服务—资料\day02-Docker\资料\hmall)
20:38:52:542 DEBUG 12164 --- [main] com.hmall.user.UserApplication           : Running with Spring Boot v2.7.12, Spring v5.3.27
20:38:52:542  INFO 12164 --- [main] com.hmall.user.UserApplication           : The following 1 profile is active: "dev"
20:38:53:177  INFO 12164 --- [main] o.s.cloud.context.scope.GenericScope     : BeanFactory id=be44031c-d8c5-3c73-b576-b17ea06e98aa
20:38:53:401  INFO 12164 --- [main] o.s.b.w.embedded.tomcat.TomcatWebServer  : Tomcat initialized with port(s): 8084 (http)
20:38:53:407  INFO 12164 --- [main] o.apache.catalina.core.StandardService   : Starting service [Tomcat]
20:38:53:407  INFO 12164 --- [main] org.apache.catalina.core.StandardEngine  : Starting Servlet engine: [Apache Tomcat/9.0.75]
20:38:53:507  INFO 12164 --- [main] o.a.c.c.C.[Tomcat].[localhost].[/]       : Initializing Spring embedded WebApplicationContext
20:38:53:509  INFO 12164 --- [main] w.s.c.ServletWebServerApplicationContext : Root WebApplicationContext: initialization completed in 939 ms
20:38:55:402  INFO 12164 --- [main] pertySourcedRequestMappingHandlerMapping : Mapped URL path [/v2/api-docs] onto method [springfox.documentation.swagger2.web.Swagger2ControllerWebMvc#getDocumentation(String, HttpServletRequest)]
20:38:55:998  INFO 12164 --- [main] o.s.b.w.embedded.tomcat.TomcatWebServer  : Tomcat started on port(s): 8084 (http) with context path ''
20:38:56:491  INFO 12164 --- [main] d.s.w.p.DocumentationPluginsBootstrapper : Documentation plugins bootstrapped
20:38:56:492  INFO 12164 --- [main] d.s.w.p.DocumentationPluginsBootstrapper : Found 1 custom documentation plugin(s)
20:38:56:504  INFO 12164 --- [main] s.d.s.w.s.ApiListingReferenceScanner     : Scanning for api listing references
20:38:56:566  INFO 12164 --- [main] com.hmall.user.UserApplication           : Started UserApplication in 4.915 seconds (JVM running for 5.733)
20:39:06:528  INFO 12164 --- [http-nio-8084-exec-1] o.a.c.c.C.[Tomcat].[localhost].[/]       : Initializing Spring DispatcherServlet 'dispatcherServlet'
20:39:06:530  INFO 12164 --- [http-nio-8084-exec-1] o.s.web.servlet.DispatcherServlet        : Initializing Servlet 'dispatcherServlet'
20:39:06:532  INFO 12164 --- [http-nio-8084-exec-1] o.s.web.servlet.DispatcherServlet        : Completed initialization in 2 ms
20:39:34:828  INFO 12164 --- [http-nio-8084-exec-6] com.zaxxer.hikari.HikariDataSource       : HikariPool-1 - Starting...
20:39:34:990  INFO 12164 --- [http-nio-8084-exec-6] com.zaxxer.hikari.HikariDataSource       : HikariPool-1 - Start completed.
20:39:34:994 DEBUG 12164 --- [http-nio-8084-exec-6] c.h.user.mapper.UserMapper.selectOne     : ==>  Preparing: SELECT id,username,password,phone,create_time,update_time,status,balance FROM user WHERE (username = ?)
20:39:35:007 DEBUG 12164 --- [http-nio-8084-exec-6] c.h.user.mapper.UserMapper.selectOne     : ==> Parameters: jack(String)
20:39:35:036 DEBUG 12164 --- [http-nio-8084-exec-6] c.h.user.mapper.UserMapper.selectOne     : <==      Total: 1
21:26:27:681  INFO 12164 --- [SpringApplicationShutdownHook] com.zaxxer.hikari.HikariDataSource       : HikariPool-1 - Shutdown initiated...
21:26:27:692  INFO 12164 --- [SpringApplicationShutdownHook] com.zaxxer.hikari.HikariDataSource       : HikariPool-1 - Shutdown completed.
